<?xml version="1.0" encoding="UTF-8"?>
<testng-results skipped="3" failed="0" ignored="0" total="3" passed="0">
  <reporter-output>
  </reporter-output>
  <suite name="Suite" duration-ms="7042" started-at="2020-06-28T09:13:50 CST" finished-at="2020-06-28T09:13:57 CST">
    <groups>
    </groups>
    <test name="E:/Helloworld/test/work/8357/SECSYS0524/SeleniumDemo" duration-ms="7042" started-at="2020-06-28T09:13:50 CST" finished-at="2020-06-28T09:13:57 CST">
      <class name="testCase.testCourseList">
        <test-method status="FAIL" signature="CourseHome()[pri:0, instance:testCase.testCourseList@6771beb3]" name="CourseHome" is-config="true" duration-ms="2064" started-at="2020-06-28T09:13:55 CST" finished-at="2020-06-28T09:13:57 CST">
          <exception class="org.openqa.selenium.SessionNotCreatedException">
            <message>
              <![CDATA[session not created: This version of ChromeDriver only supports Chrome version 81
Build info: version: '3.141.59', revision: 'e82be7d358', time: '2018-11-14T08:25:53'
System info: host: 'HY-20151208TUKX', ip: '172.16.100.45', os.name: 'Windows 10', os.arch: 'amd64', os.version: '10.0', java.version: '1.8.0_152'
Driver info: driver.version: SelectDriver
remote stacktrace: Backtrace:
Ordinal0 [0x01115F73+2449267]
Ordinal0 [0x01048361+1606497]
Ordinal0 [0x00F3F969+522601]
Ordinal0 [0x00ED05F3+67059]
Ordinal0 [0x00ECCD92+52626]
Ordinal0 [0x00EEC127+180519]
Ordinal0 [0x00EEBF2D+180013]
Ordinal0 [0x00EE9E5B+171611]
Ordinal0 [0x00ED1DD8+73176]
Ordinal0 [0x00ED2E50+77392]
Ordinal0 [0x00ED2DE9+77289]
Ordinal0 [0x0105D8D7+1693911]
GetHandleVerifier [0x011B4036+522726]
GetHandleVerifier [0x011B3D74+522020]
GetHandleVerifier [0x011C9187+609079]
GetHandleVerifier [0x011B48A6+524886]
Ordinal0 [0x01055CBC+1662140]
Ordinal0 [0x0105F23B+1700411]
Ordinal0 [0x0105F3A3+1700771]
Ordinal0 [0x01075215+1790485]
BaseThreadInitThunk [0x76BD8494+36]
RtlAreBitsSet [0x77C841C8+136]
RtlAreBitsSet [0x77C84198+88]
]]>
            </message>
            <full-stacktrace>
              <![CDATA[org.openqa.selenium.SessionNotCreatedException: session not created: This version of ChromeDriver only supports Chrome version 81
Build info: version: '3.141.59', revision: 'e82be7d358', time: '2018-11-14T08:25:53'
System info: host: 'HY-20151208TUKX', ip: '172.16.100.45', os.name: 'Windows 10', os.arch: 'amd64', os.version: '10.0', java.version: '1.8.0_152'
Driver info: driver.version: SelectDriver
remote stacktrace: Backtrace:
Ordinal0 [0x01115F73+2449267]
Ordinal0 [0x01048361+1606497]
Ordinal0 [0x00F3F969+522601]
Ordinal0 [0x00ED05F3+67059]
Ordinal0 [0x00ECCD92+52626]
Ordinal0 [0x00EEC127+180519]
Ordinal0 [0x00EEBF2D+180013]
Ordinal0 [0x00EE9E5B+171611]
Ordinal0 [0x00ED1DD8+73176]
Ordinal0 [0x00ED2E50+77392]
Ordinal0 [0x00ED2DE9+77289]
Ordinal0 [0x0105D8D7+1693911]
GetHandleVerifier [0x011B4036+522726]
GetHandleVerifier [0x011B3D74+522020]
GetHandleVerifier [0x011C9187+609079]
GetHandleVerifier [0x011B48A6+524886]
Ordinal0 [0x01055CBC+1662140]
Ordinal0 [0x0105F23B+1700411]
Ordinal0 [0x0105F3A3+1700771]
Ordinal0 [0x01075215+1790485]
BaseThreadInitThunk [0x76BD8494+36]
RtlAreBitsSet [0x77C841C8+136]
RtlAreBitsSet [0x77C84198+88]

at sun.reflect.NativeConstructorAccessorImpl.newInstance0(Native Method)
at sun.reflect.NativeConstructorAccessorImpl.newInstance(NativeConstructorAccessorImpl.java:62)
at sun.reflect.DelegatingConstructorAccessorImpl.newInstance(DelegatingConstructorAccessorImpl.java:45)
at java.lang.reflect.Constructor.newInstance(Constructor.java:423)
at org.openqa.selenium.remote.W3CHandshakeResponse.lambda$errorHandler$0(W3CHandshakeResponse.java:62)
at org.openqa.selenium.remote.HandshakeResponse.lambda$getResponseFunction$0(HandshakeResponse.java:30)
at org.openqa.selenium.remote.ProtocolHandshake.lambda$createSession$0(ProtocolHandshake.java:126)
at java.util.stream.ReferencePipeline$3$1.accept(ReferencePipeline.java:193)
at java.util.Spliterators$ArraySpliterator.tryAdvance(Spliterators.java:958)
at java.util.stream.ReferencePipeline.forEachWithCancel(ReferencePipeline.java:126)
at java.util.stream.AbstractPipeline.copyIntoWithCancel(AbstractPipeline.java:498)
at java.util.stream.AbstractPipeline.copyInto(AbstractPipeline.java:485)
at java.util.stream.AbstractPipeline.wrapAndCopyInto(AbstractPipeline.java:471)
at java.util.stream.FindOps$FindOp.evaluateSequential(FindOps.java:152)
at java.util.stream.AbstractPipeline.evaluate(AbstractPipeline.java:234)
at java.util.stream.ReferencePipeline.findFirst(ReferencePipeline.java:464)
at org.openqa.selenium.remote.ProtocolHandshake.createSession(ProtocolHandshake.java:128)
at org.openqa.selenium.remote.ProtocolHandshake.createSession(ProtocolHandshake.java:74)
at org.openqa.selenium.remote.HttpCommandExecutor.execute(HttpCommandExecutor.java:136)
at org.openqa.selenium.remote.service.DriverCommandExecutor.execute(DriverCommandExecutor.java:83)
at org.openqa.selenium.remote.RemoteWebDriver.execute(RemoteWebDriver.java:552)
at org.openqa.selenium.remote.RemoteWebDriver.startSession(RemoteWebDriver.java:213)
at org.openqa.selenium.remote.RemoteWebDriver.<init>(RemoteWebDriver.java:131)
at org.openqa.selenium.chrome.ChromeDriver.<init>(ChromeDriver.java:181)
at org.openqa.selenium.chrome.ChromeDriver.<init>(ChromeDriver.java:168)
at org.openqa.selenium.chrome.ChromeDriver.<init>(ChromeDriver.java:123)
at Base.SelectDriver.driverName(SelectDriver.java:19)
at Base.DriverBase.<init>(DriverBase.java:18)
at testCase.CaseBase.InitDriver(CaseBase.java:12)
at testCase.testCourseList.CourseHome(testCourseList.java:24)
at sun.reflect.NativeMethodAccessorImpl.invoke0(Native Method)
at sun.reflect.NativeMethodAccessorImpl.invoke(NativeMethodAccessorImpl.java:62)
at sun.reflect.DelegatingMethodAccessorImpl.invoke(DelegatingMethodAccessorImpl.java:43)
at java.lang.reflect.Method.invoke(Method.java:498)
at org.testng.internal.MethodInvocationHelper.invokeMethod(MethodInvocationHelper.java:133)
at org.testng.internal.MethodInvocationHelper.invokeMethodConsideringTimeout(MethodInvocationHelper.java:62)
at org.testng.internal.ConfigInvoker.invokeConfigurationMethod(ConfigInvoker.java:340)
at org.testng.internal.ConfigInvoker.invokeConfigurations(ConfigInvoker.java:294)
at org.testng.internal.TestMethodWorker.invokeBeforeClassMethods(TestMethodWorker.java:176)
at org.testng.internal.TestMethodWorker.run(TestMethodWorker.java:122)
at java.util.ArrayList.forEach(ArrayList.java:1257)
at org.testng.TestRunner.privateRun(TestRunner.java:770)
at org.testng.TestRunner.run(TestRunner.java:591)
at org.testng.SuiteRunner.runTest(SuiteRunner.java:402)
at org.testng.SuiteRunner.runSequentially(SuiteRunner.java:396)
at org.testng.SuiteRunner.privateRun(SuiteRunner.java:355)
at org.testng.SuiteRunner.run(SuiteRunner.java:304)
at org.testng.SuiteRunnerWorker.runSuite(SuiteRunnerWorker.java:53)
at org.testng.SuiteRunnerWorker.run(SuiteRunnerWorker.java:96)
at org.testng.TestNG.runSuitesSequentially(TestNG.java:1180)
at org.testng.TestNG.runSuitesLocally(TestNG.java:1102)
at org.testng.TestNG.runSuites(TestNG.java:1032)
at org.testng.TestNG.run(TestNG.java:1000)
at org.testng.IDEARemoteTestNG.run(IDEARemoteTestNG.java:73)
at org.testng.RemoteTestNGStarter.main(RemoteTestNGStarter.java:123)
]]>
            </full-stacktrace>
          </exception> <!-- org.openqa.selenium.SessionNotCreatedException -->
          <reporter-output>
          </reporter-output>
        </test-method> <!-- CourseHome -->
        <test-method status="SKIP" signature="addShopCart()[pri:0, instance:testCase.testCourseList@6771beb3]" name="addShopCart" duration-ms="0" started-at="2020-06-28T09:13:57 CST" finished-at="2020-06-28T09:13:57 CST">
          <exception class="org.openqa.selenium.SessionNotCreatedException">
            <message>
              <![CDATA[session not created: This version of ChromeDriver only supports Chrome version 81
Build info: version: '3.141.59', revision: 'e82be7d358', time: '2018-11-14T08:25:53'
System info: host: 'HY-20151208TUKX', ip: '172.16.100.45', os.name: 'Windows 10', os.arch: 'amd64', os.version: '10.0', java.version: '1.8.0_152'
Driver info: driver.version: SelectDriver
remote stacktrace: Backtrace:
Ordinal0 [0x01115F73+2449267]
Ordinal0 [0x01048361+1606497]
Ordinal0 [0x00F3F969+522601]
Ordinal0 [0x00ED05F3+67059]
Ordinal0 [0x00ECCD92+52626]
Ordinal0 [0x00EEC127+180519]
Ordinal0 [0x00EEBF2D+180013]
Ordinal0 [0x00EE9E5B+171611]
Ordinal0 [0x00ED1DD8+73176]
Ordinal0 [0x00ED2E50+77392]
Ordinal0 [0x00ED2DE9+77289]
Ordinal0 [0x0105D8D7+1693911]
GetHandleVerifier [0x011B4036+522726]
GetHandleVerifier [0x011B3D74+522020]
GetHandleVerifier [0x011C9187+609079]
GetHandleVerifier [0x011B48A6+524886]
Ordinal0 [0x01055CBC+1662140]
Ordinal0 [0x0105F23B+1700411]
Ordinal0 [0x0105F3A3+1700771]
Ordinal0 [0x01075215+1790485]
BaseThreadInitThunk [0x76BD8494+36]
RtlAreBitsSet [0x77C841C8+136]
RtlAreBitsSet [0x77C84198+88]
]]>
            </message>
            <full-stacktrace>
              <![CDATA[org.openqa.selenium.SessionNotCreatedException: session not created: This version of ChromeDriver only supports Chrome version 81
Build info: version: '3.141.59', revision: 'e82be7d358', time: '2018-11-14T08:25:53'
System info: host: 'HY-20151208TUKX', ip: '172.16.100.45', os.name: 'Windows 10', os.arch: 'amd64', os.version: '10.0', java.version: '1.8.0_152'
Driver info: driver.version: SelectDriver
remote stacktrace: Backtrace:
Ordinal0 [0x01115F73+2449267]
Ordinal0 [0x01048361+1606497]
Ordinal0 [0x00F3F969+522601]
Ordinal0 [0x00ED05F3+67059]
Ordinal0 [0x00ECCD92+52626]
Ordinal0 [0x00EEC127+180519]
Ordinal0 [0x00EEBF2D+180013]
Ordinal0 [0x00EE9E5B+171611]
Ordinal0 [0x00ED1DD8+73176]
Ordinal0 [0x00ED2E50+77392]
Ordinal0 [0x00ED2DE9+77289]
Ordinal0 [0x0105D8D7+1693911]
GetHandleVerifier [0x011B4036+522726]
GetHandleVerifier [0x011B3D74+522020]
GetHandleVerifier [0x011C9187+609079]
GetHandleVerifier [0x011B48A6+524886]
Ordinal0 [0x01055CBC+1662140]
Ordinal0 [0x0105F23B+1700411]
Ordinal0 [0x0105F3A3+1700771]
Ordinal0 [0x01075215+1790485]
BaseThreadInitThunk [0x76BD8494+36]
RtlAreBitsSet [0x77C841C8+136]
RtlAreBitsSet [0x77C84198+88]

at sun.reflect.NativeConstructorAccessorImpl.newInstance0(Native Method)
at sun.reflect.NativeConstructorAccessorImpl.newInstance(NativeConstructorAccessorImpl.java:62)
at sun.reflect.DelegatingConstructorAccessorImpl.newInstance(DelegatingConstructorAccessorImpl.java:45)
at java.lang.reflect.Constructor.newInstance(Constructor.java:423)
at org.openqa.selenium.remote.W3CHandshakeResponse.lambda$errorHandler$0(W3CHandshakeResponse.java:62)
at org.openqa.selenium.remote.HandshakeResponse.lambda$getResponseFunction$0(HandshakeResponse.java:30)
at org.openqa.selenium.remote.ProtocolHandshake.lambda$createSession$0(ProtocolHandshake.java:126)
at java.util.stream.ReferencePipeline$3$1.accept(ReferencePipeline.java:193)
at java.util.Spliterators$ArraySpliterator.tryAdvance(Spliterators.java:958)
at java.util.stream.ReferencePipeline.forEachWithCancel(ReferencePipeline.java:126)
at java.util.stream.AbstractPipeline.copyIntoWithCancel(AbstractPipeline.java:498)
at java.util.stream.AbstractPipeline.copyInto(AbstractPipeline.java:485)
at java.util.stream.AbstractPipeline.wrapAndCopyInto(AbstractPipeline.java:471)
at java.util.stream.FindOps$FindOp.evaluateSequential(FindOps.java:152)
at java.util.stream.AbstractPipeline.evaluate(AbstractPipeline.java:234)
at java.util.stream.ReferencePipeline.findFirst(ReferencePipeline.java:464)
at org.openqa.selenium.remote.ProtocolHandshake.createSession(ProtocolHandshake.java:128)
at org.openqa.selenium.remote.ProtocolHandshake.createSession(ProtocolHandshake.java:74)
at org.openqa.selenium.remote.HttpCommandExecutor.execute(HttpCommandExecutor.java:136)
at org.openqa.selenium.remote.service.DriverCommandExecutor.execute(DriverCommandExecutor.java:83)
at org.openqa.selenium.remote.RemoteWebDriver.execute(RemoteWebDriver.java:552)
at org.openqa.selenium.remote.RemoteWebDriver.startSession(RemoteWebDriver.java:213)
at org.openqa.selenium.remote.RemoteWebDriver.<init>(RemoteWebDriver.java:131)
at org.openqa.selenium.chrome.ChromeDriver.<init>(ChromeDriver.java:181)
at org.openqa.selenium.chrome.ChromeDriver.<init>(ChromeDriver.java:168)
at org.openqa.selenium.chrome.ChromeDriver.<init>(ChromeDriver.java:123)
at Base.SelectDriver.driverName(SelectDriver.java:19)
at Base.DriverBase.<init>(DriverBase.java:18)
at testCase.CaseBase.InitDriver(CaseBase.java:12)
at testCase.testCourseList.CourseHome(testCourseList.java:24)
at sun.reflect.NativeMethodAccessorImpl.invoke0(Native Method)
at sun.reflect.NativeMethodAccessorImpl.invoke(NativeMethodAccessorImpl.java:62)
at sun.reflect.DelegatingMethodAccessorImpl.invoke(DelegatingMethodAccessorImpl.java:43)
at java.lang.reflect.Method.invoke(Method.java:498)
at org.testng.internal.MethodInvocationHelper.invokeMethod(MethodInvocationHelper.java:133)
at org.testng.internal.MethodInvocationHelper.invokeMethodConsideringTimeout(MethodInvocationHelper.java:62)
at org.testng.internal.ConfigInvoker.invokeConfigurationMethod(ConfigInvoker.java:340)
at org.testng.internal.ConfigInvoker.invokeConfigurations(ConfigInvoker.java:294)
at org.testng.internal.TestMethodWorker.invokeBeforeClassMethods(TestMethodWorker.java:176)
at org.testng.internal.TestMethodWorker.run(TestMethodWorker.java:122)
at java.util.ArrayList.forEach(ArrayList.java:1257)
at org.testng.TestRunner.privateRun(TestRunner.java:770)
at org.testng.TestRunner.run(TestRunner.java:591)
at org.testng.SuiteRunner.runTest(SuiteRunner.java:402)
at org.testng.SuiteRunner.runSequentially(SuiteRunner.java:396)
at org.testng.SuiteRunner.privateRun(SuiteRunner.java:355)
at org.testng.SuiteRunner.run(SuiteRunner.java:304)
at org.testng.SuiteRunnerWorker.runSuite(SuiteRunnerWorker.java:53)
at org.testng.SuiteRunnerWorker.run(SuiteRunnerWorker.java:96)
at org.testng.TestNG.runSuitesSequentially(TestNG.java:1180)
at org.testng.TestNG.runSuitesLocally(TestNG.java:1102)
at org.testng.TestNG.runSuites(TestNG.java:1032)
at org.testng.TestNG.run(TestNG.java:1000)
at org.testng.IDEARemoteTestNG.run(IDEARemoteTestNG.java:73)
at org.testng.RemoteTestNGStarter.main(RemoteTestNGStarter.java:123)
]]>
            </full-stacktrace>
          </exception> <!-- org.openqa.selenium.SessionNotCreatedException -->
          <reporter-output>
          </reporter-output>
        </test-method> <!-- addShopCart -->
        <test-method status="SKIP" signature="orderBuyNowPro()[pri:0, instance:testCase.testCourseList@6771beb3]" name="orderBuyNowPro" duration-ms="0" started-at="2020-06-28T09:13:57 CST" finished-at="2020-06-28T09:13:57 CST">
          <exception class="org.openqa.selenium.SessionNotCreatedException">
            <message>
              <![CDATA[session not created: This version of ChromeDriver only supports Chrome version 81
Build info: version: '3.141.59', revision: 'e82be7d358', time: '2018-11-14T08:25:53'
System info: host: 'HY-20151208TUKX', ip: '172.16.100.45', os.name: 'Windows 10', os.arch: 'amd64', os.version: '10.0', java.version: '1.8.0_152'
Driver info: driver.version: SelectDriver
remote stacktrace: Backtrace:
Ordinal0 [0x01115F73+2449267]
Ordinal0 [0x01048361+1606497]
Ordinal0 [0x00F3F969+522601]
Ordinal0 [0x00ED05F3+67059]
Ordinal0 [0x00ECCD92+52626]
Ordinal0 [0x00EEC127+180519]
Ordinal0 [0x00EEBF2D+180013]
Ordinal0 [0x00EE9E5B+171611]
Ordinal0 [0x00ED1DD8+73176]
Ordinal0 [0x00ED2E50+77392]
Ordinal0 [0x00ED2DE9+77289]
Ordinal0 [0x0105D8D7+1693911]
GetHandleVerifier [0x011B4036+522726]
GetHandleVerifier [0x011B3D74+522020]
GetHandleVerifier [0x011C9187+609079]
GetHandleVerifier [0x011B48A6+524886]
Ordinal0 [0x01055CBC+1662140]
Ordinal0 [0x0105F23B+1700411]
Ordinal0 [0x0105F3A3+1700771]
Ordinal0 [0x01075215+1790485]
BaseThreadInitThunk [0x76BD8494+36]
RtlAreBitsSet [0x77C841C8+136]
RtlAreBitsSet [0x77C84198+88]
]]>
            </message>
            <full-stacktrace>
              <![CDATA[org.openqa.selenium.SessionNotCreatedException: session not created: This version of ChromeDriver only supports Chrome version 81
Build info: version: '3.141.59', revision: 'e82be7d358', time: '2018-11-14T08:25:53'
System info: host: 'HY-20151208TUKX', ip: '172.16.100.45', os.name: 'Windows 10', os.arch: 'amd64', os.version: '10.0', java.version: '1.8.0_152'
Driver info: driver.version: SelectDriver
remote stacktrace: Backtrace:
Ordinal0 [0x01115F73+2449267]
Ordinal0 [0x01048361+1606497]
Ordinal0 [0x00F3F969+522601]
Ordinal0 [0x00ED05F3+67059]
Ordinal0 [0x00ECCD92+52626]
Ordinal0 [0x00EEC127+180519]
Ordinal0 [0x00EEBF2D+180013]
Ordinal0 [0x00EE9E5B+171611]
Ordinal0 [0x00ED1DD8+73176]
Ordinal0 [0x00ED2E50+77392]
Ordinal0 [0x00ED2DE9+77289]
Ordinal0 [0x0105D8D7+1693911]
GetHandleVerifier [0x011B4036+522726]
GetHandleVerifier [0x011B3D74+522020]
GetHandleVerifier [0x011C9187+609079]
GetHandleVerifier [0x011B48A6+524886]
Ordinal0 [0x01055CBC+1662140]
Ordinal0 [0x0105F23B+1700411]
Ordinal0 [0x0105F3A3+1700771]
Ordinal0 [0x01075215+1790485]
BaseThreadInitThunk [0x76BD8494+36]
RtlAreBitsSet [0x77C841C8+136]
RtlAreBitsSet [0x77C84198+88]

at sun.reflect.NativeConstructorAccessorImpl.newInstance0(Native Method)
at sun.reflect.NativeConstructorAccessorImpl.newInstance(NativeConstructorAccessorImpl.java:62)
at sun.reflect.DelegatingConstructorAccessorImpl.newInstance(DelegatingConstructorAccessorImpl.java:45)
at java.lang.reflect.Constructor.newInstance(Constructor.java:423)
at org.openqa.selenium.remote.W3CHandshakeResponse.lambda$errorHandler$0(W3CHandshakeResponse.java:62)
at org.openqa.selenium.remote.HandshakeResponse.lambda$getResponseFunction$0(HandshakeResponse.java:30)
at org.openqa.selenium.remote.ProtocolHandshake.lambda$createSession$0(ProtocolHandshake.java:126)
at java.util.stream.ReferencePipeline$3$1.accept(ReferencePipeline.java:193)
at java.util.Spliterators$ArraySpliterator.tryAdvance(Spliterators.java:958)
at java.util.stream.ReferencePipeline.forEachWithCancel(ReferencePipeline.java:126)
at java.util.stream.AbstractPipeline.copyIntoWithCancel(AbstractPipeline.java:498)
at java.util.stream.AbstractPipeline.copyInto(AbstractPipeline.java:485)
at java.util.stream.AbstractPipeline.wrapAndCopyInto(AbstractPipeline.java:471)
at java.util.stream.FindOps$FindOp.evaluateSequential(FindOps.java:152)
at java.util.stream.AbstractPipeline.evaluate(AbstractPipeline.java:234)
at java.util.stream.ReferencePipeline.findFirst(ReferencePipeline.java:464)
at org.openqa.selenium.remote.ProtocolHandshake.createSession(ProtocolHandshake.java:128)
at org.openqa.selenium.remote.ProtocolHandshake.createSession(ProtocolHandshake.java:74)
at org.openqa.selenium.remote.HttpCommandExecutor.execute(HttpCommandExecutor.java:136)
at org.openqa.selenium.remote.service.DriverCommandExecutor.execute(DriverCommandExecutor.java:83)
at org.openqa.selenium.remote.RemoteWebDriver.execute(RemoteWebDriver.java:552)
at org.openqa.selenium.remote.RemoteWebDriver.startSession(RemoteWebDriver.java:213)
at org.openqa.selenium.remote.RemoteWebDriver.<init>(RemoteWebDriver.java:131)
at org.openqa.selenium.chrome.ChromeDriver.<init>(ChromeDriver.java:181)
at org.openqa.selenium.chrome.ChromeDriver.<init>(ChromeDriver.java:168)
at org.openqa.selenium.chrome.ChromeDriver.<init>(ChromeDriver.java:123)
at Base.SelectDriver.driverName(SelectDriver.java:19)
at Base.DriverBase.<init>(DriverBase.java:18)
at testCase.CaseBase.InitDriver(CaseBase.java:12)
at testCase.testCourseList.CourseHome(testCourseList.java:24)
at sun.reflect.NativeMethodAccessorImpl.invoke0(Native Method)
at sun.reflect.NativeMethodAccessorImpl.invoke(NativeMethodAccessorImpl.java:62)
at sun.reflect.DelegatingMethodAccessorImpl.invoke(DelegatingMethodAccessorImpl.java:43)
at java.lang.reflect.Method.invoke(Method.java:498)
at org.testng.internal.MethodInvocationHelper.invokeMethod(MethodInvocationHelper.java:133)
at org.testng.internal.MethodInvocationHelper.invokeMethodConsideringTimeout(MethodInvocationHelper.java:62)
at org.testng.internal.ConfigInvoker.invokeConfigurationMethod(ConfigInvoker.java:340)
at org.testng.internal.ConfigInvoker.invokeConfigurations(ConfigInvoker.java:294)
at org.testng.internal.TestMethodWorker.invokeBeforeClassMethods(TestMethodWorker.java:176)
at org.testng.internal.TestMethodWorker.run(TestMethodWorker.java:122)
at java.util.ArrayList.forEach(ArrayList.java:1257)
at org.testng.TestRunner.privateRun(TestRunner.java:770)
at org.testng.TestRunner.run(TestRunner.java:591)
at org.testng.SuiteRunner.runTest(SuiteRunner.java:402)
at org.testng.SuiteRunner.runSequentially(SuiteRunner.java:396)
at org.testng.SuiteRunner.privateRun(SuiteRunner.java:355)
at org.testng.SuiteRunner.run(SuiteRunner.java:304)
at org.testng.SuiteRunnerWorker.runSuite(SuiteRunnerWorker.java:53)
at org.testng.SuiteRunnerWorker.run(SuiteRunnerWorker.java:96)
at org.testng.TestNG.runSuitesSequentially(TestNG.java:1180)
at org.testng.TestNG.runSuitesLocally(TestNG.java:1102)
at org.testng.TestNG.runSuites(TestNG.java:1032)
at org.testng.TestNG.run(TestNG.java:1000)
at org.testng.IDEARemoteTestNG.run(IDEARemoteTestNG.java:73)
at org.testng.RemoteTestNGStarter.main(RemoteTestNGStarter.java:123)
]]>
            </full-stacktrace>
          </exception> <!-- org.openqa.selenium.SessionNotCreatedException -->
          <reporter-output>
          </reporter-output>
        </test-method> <!-- orderBuyNowPro -->
        <test-method status="SKIP" signature="afterClass()[pri:0, instance:testCase.testCourseList@6771beb3]" name="afterClass" is-config="true" duration-ms="-1593306837591" started-at="2020-06-28T09:13:57 CST" finished-at="1970-01-01T08:00:00 CST">
          <reporter-output>
          </reporter-output>
        </test-method> <!-- afterClass -->
      </class> <!-- testCase.testCourseList -->
      <class name="testCase.Login">
        <test-method status="FAIL" signature="getLoginHome()[pri:0, instance:testCase.Login@5e0e82ae]" name="getLoginHome" is-config="true" duration-ms="4840" started-at="2020-06-28T09:13:50 CST" finished-at="2020-06-28T09:13:55 CST">
          <exception class="org.openqa.selenium.SessionNotCreatedException">
            <message>
              <![CDATA[session not created: This version of ChromeDriver only supports Chrome version 81
Build info: version: '3.141.59', revision: 'e82be7d358', time: '2018-11-14T08:25:53'
System info: host: 'HY-20151208TUKX', ip: '172.16.100.45', os.name: 'Windows 10', os.arch: 'amd64', os.version: '10.0', java.version: '1.8.0_152'
Driver info: driver.version: SelectDriver
remote stacktrace: Backtrace:
Ordinal0 [0x01115F73+2449267]
Ordinal0 [0x01048361+1606497]
Ordinal0 [0x00F3F969+522601]
Ordinal0 [0x00ED05F3+67059]
Ordinal0 [0x00ECCD92+52626]
Ordinal0 [0x00EEC127+180519]
Ordinal0 [0x00EEBF2D+180013]
Ordinal0 [0x00EE9E5B+171611]
Ordinal0 [0x00ED1DD8+73176]
Ordinal0 [0x00ED2E50+77392]
Ordinal0 [0x00ED2DE9+77289]
Ordinal0 [0x0105D8D7+1693911]
GetHandleVerifier [0x011B4036+522726]
GetHandleVerifier [0x011B3D74+522020]
GetHandleVerifier [0x011C9187+609079]
GetHandleVerifier [0x011B48A6+524886]
Ordinal0 [0x01055CBC+1662140]
Ordinal0 [0x0105F23B+1700411]
Ordinal0 [0x0105F3A3+1700771]
Ordinal0 [0x01075215+1790485]
BaseThreadInitThunk [0x76BD8494+36]
RtlAreBitsSet [0x77C841C8+136]
RtlAreBitsSet [0x77C84198+88]
]]>
            </message>
            <full-stacktrace>
              <![CDATA[org.openqa.selenium.SessionNotCreatedException: session not created: This version of ChromeDriver only supports Chrome version 81
Build info: version: '3.141.59', revision: 'e82be7d358', time: '2018-11-14T08:25:53'
System info: host: 'HY-20151208TUKX', ip: '172.16.100.45', os.name: 'Windows 10', os.arch: 'amd64', os.version: '10.0', java.version: '1.8.0_152'
Driver info: driver.version: SelectDriver
remote stacktrace: Backtrace:
Ordinal0 [0x01115F73+2449267]
Ordinal0 [0x01048361+1606497]
Ordinal0 [0x00F3F969+522601]
Ordinal0 [0x00ED05F3+67059]
Ordinal0 [0x00ECCD92+52626]
Ordinal0 [0x00EEC127+180519]
Ordinal0 [0x00EEBF2D+180013]
Ordinal0 [0x00EE9E5B+171611]
Ordinal0 [0x00ED1DD8+73176]
Ordinal0 [0x00ED2E50+77392]
Ordinal0 [0x00ED2DE9+77289]
Ordinal0 [0x0105D8D7+1693911]
GetHandleVerifier [0x011B4036+522726]
GetHandleVerifier [0x011B3D74+522020]
GetHandleVerifier [0x011C9187+609079]
GetHandleVerifier [0x011B48A6+524886]
Ordinal0 [0x01055CBC+1662140]
Ordinal0 [0x0105F23B+1700411]
Ordinal0 [0x0105F3A3+1700771]
Ordinal0 [0x01075215+1790485]
BaseThreadInitThunk [0x76BD8494+36]
RtlAreBitsSet [0x77C841C8+136]
RtlAreBitsSet [0x77C84198+88]

at sun.reflect.NativeConstructorAccessorImpl.newInstance0(Native Method)
at sun.reflect.NativeConstructorAccessorImpl.newInstance(NativeConstructorAccessorImpl.java:62)
at sun.reflect.DelegatingConstructorAccessorImpl.newInstance(DelegatingConstructorAccessorImpl.java:45)
at java.lang.reflect.Constructor.newInstance(Constructor.java:423)
at org.openqa.selenium.remote.W3CHandshakeResponse.lambda$errorHandler$0(W3CHandshakeResponse.java:62)
at org.openqa.selenium.remote.HandshakeResponse.lambda$getResponseFunction$0(HandshakeResponse.java:30)
at org.openqa.selenium.remote.ProtocolHandshake.lambda$createSession$0(ProtocolHandshake.java:126)
at java.util.stream.ReferencePipeline$3$1.accept(ReferencePipeline.java:193)
at java.util.Spliterators$ArraySpliterator.tryAdvance(Spliterators.java:958)
at java.util.stream.ReferencePipeline.forEachWithCancel(ReferencePipeline.java:126)
at java.util.stream.AbstractPipeline.copyIntoWithCancel(AbstractPipeline.java:498)
at java.util.stream.AbstractPipeline.copyInto(AbstractPipeline.java:485)
at java.util.stream.AbstractPipeline.wrapAndCopyInto(AbstractPipeline.java:471)
at java.util.stream.FindOps$FindOp.evaluateSequential(FindOps.java:152)
at java.util.stream.AbstractPipeline.evaluate(AbstractPipeline.java:234)
at java.util.stream.ReferencePipeline.findFirst(ReferencePipeline.java:464)
at org.openqa.selenium.remote.ProtocolHandshake.createSession(ProtocolHandshake.java:128)
at org.openqa.selenium.remote.ProtocolHandshake.createSession(ProtocolHandshake.java:74)
at org.openqa.selenium.remote.HttpCommandExecutor.execute(HttpCommandExecutor.java:136)
at org.openqa.selenium.remote.service.DriverCommandExecutor.execute(DriverCommandExecutor.java:83)
at org.openqa.selenium.remote.RemoteWebDriver.execute(RemoteWebDriver.java:552)
at org.openqa.selenium.remote.RemoteWebDriver.startSession(RemoteWebDriver.java:213)
at org.openqa.selenium.remote.RemoteWebDriver.<init>(RemoteWebDriver.java:131)
at org.openqa.selenium.chrome.ChromeDriver.<init>(ChromeDriver.java:181)
at org.openqa.selenium.chrome.ChromeDriver.<init>(ChromeDriver.java:168)
at org.openqa.selenium.chrome.ChromeDriver.<init>(ChromeDriver.java:123)
at Base.SelectDriver.driverName(SelectDriver.java:19)
at Base.DriverBase.<init>(DriverBase.java:18)
at testCase.CaseBase.InitDriver(CaseBase.java:12)
at testCase.Login.getLoginHome(Login.java:24)
at sun.reflect.NativeMethodAccessorImpl.invoke0(Native Method)
at sun.reflect.NativeMethodAccessorImpl.invoke(NativeMethodAccessorImpl.java:62)
at sun.reflect.DelegatingMethodAccessorImpl.invoke(DelegatingMethodAccessorImpl.java:43)
at java.lang.reflect.Method.invoke(Method.java:498)
at org.testng.internal.MethodInvocationHelper.invokeMethod(MethodInvocationHelper.java:133)
at org.testng.internal.MethodInvocationHelper.invokeMethodConsideringTimeout(MethodInvocationHelper.java:62)
at org.testng.internal.ConfigInvoker.invokeConfigurationMethod(ConfigInvoker.java:340)
at org.testng.internal.ConfigInvoker.invokeConfigurations(ConfigInvoker.java:294)
at org.testng.internal.TestMethodWorker.invokeBeforeClassMethods(TestMethodWorker.java:176)
at org.testng.internal.TestMethodWorker.run(TestMethodWorker.java:122)
at java.util.ArrayList.forEach(ArrayList.java:1257)
at org.testng.TestRunner.privateRun(TestRunner.java:770)
at org.testng.TestRunner.run(TestRunner.java:591)
at org.testng.SuiteRunner.runTest(SuiteRunner.java:402)
at org.testng.SuiteRunner.runSequentially(SuiteRunner.java:396)
at org.testng.SuiteRunner.privateRun(SuiteRunner.java:355)
at org.testng.SuiteRunner.run(SuiteRunner.java:304)
at org.testng.SuiteRunnerWorker.runSuite(SuiteRunnerWorker.java:53)
at org.testng.SuiteRunnerWorker.run(SuiteRunnerWorker.java:96)
at org.testng.TestNG.runSuitesSequentially(TestNG.java:1180)
at org.testng.TestNG.runSuitesLocally(TestNG.java:1102)
at org.testng.TestNG.runSuites(TestNG.java:1032)
at org.testng.TestNG.run(TestNG.java:1000)
at org.testng.IDEARemoteTestNG.run(IDEARemoteTestNG.java:73)
at org.testng.RemoteTestNGStarter.main(RemoteTestNGStarter.java:123)
]]>
            </full-stacktrace>
          </exception> <!-- org.openqa.selenium.SessionNotCreatedException -->
          <reporter-output>
          </reporter-output>
        </test-method> <!-- getLoginHome -->
        <test-method status="SKIP" signature="testLogin(java.lang.String, java.lang.String)[pri:0, instance:testCase.Login@5e0e82ae]" name="testLogin" duration-ms="0" started-at="2020-06-28T09:13:55 CST" finished-at="2020-06-28T09:13:55 CST">
          <exception class="org.openqa.selenium.SessionNotCreatedException">
            <message>
              <![CDATA[session not created: This version of ChromeDriver only supports Chrome version 81
Build info: version: '3.141.59', revision: 'e82be7d358', time: '2018-11-14T08:25:53'
System info: host: 'HY-20151208TUKX', ip: '172.16.100.45', os.name: 'Windows 10', os.arch: 'amd64', os.version: '10.0', java.version: '1.8.0_152'
Driver info: driver.version: SelectDriver
remote stacktrace: Backtrace:
Ordinal0 [0x01115F73+2449267]
Ordinal0 [0x01048361+1606497]
Ordinal0 [0x00F3F969+522601]
Ordinal0 [0x00ED05F3+67059]
Ordinal0 [0x00ECCD92+52626]
Ordinal0 [0x00EEC127+180519]
Ordinal0 [0x00EEBF2D+180013]
Ordinal0 [0x00EE9E5B+171611]
Ordinal0 [0x00ED1DD8+73176]
Ordinal0 [0x00ED2E50+77392]
Ordinal0 [0x00ED2DE9+77289]
Ordinal0 [0x0105D8D7+1693911]
GetHandleVerifier [0x011B4036+522726]
GetHandleVerifier [0x011B3D74+522020]
GetHandleVerifier [0x011C9187+609079]
GetHandleVerifier [0x011B48A6+524886]
Ordinal0 [0x01055CBC+1662140]
Ordinal0 [0x0105F23B+1700411]
Ordinal0 [0x0105F3A3+1700771]
Ordinal0 [0x01075215+1790485]
BaseThreadInitThunk [0x76BD8494+36]
RtlAreBitsSet [0x77C841C8+136]
RtlAreBitsSet [0x77C84198+88]
]]>
            </message>
            <full-stacktrace>
              <![CDATA[org.openqa.selenium.SessionNotCreatedException: session not created: This version of ChromeDriver only supports Chrome version 81
Build info: version: '3.141.59', revision: 'e82be7d358', time: '2018-11-14T08:25:53'
System info: host: 'HY-20151208TUKX', ip: '172.16.100.45', os.name: 'Windows 10', os.arch: 'amd64', os.version: '10.0', java.version: '1.8.0_152'
Driver info: driver.version: SelectDriver
remote stacktrace: Backtrace:
Ordinal0 [0x01115F73+2449267]
Ordinal0 [0x01048361+1606497]
Ordinal0 [0x00F3F969+522601]
Ordinal0 [0x00ED05F3+67059]
Ordinal0 [0x00ECCD92+52626]
Ordinal0 [0x00EEC127+180519]
Ordinal0 [0x00EEBF2D+180013]
Ordinal0 [0x00EE9E5B+171611]
Ordinal0 [0x00ED1DD8+73176]
Ordinal0 [0x00ED2E50+77392]
Ordinal0 [0x00ED2DE9+77289]
Ordinal0 [0x0105D8D7+1693911]
GetHandleVerifier [0x011B4036+522726]
GetHandleVerifier [0x011B3D74+522020]
GetHandleVerifier [0x011C9187+609079]
GetHandleVerifier [0x011B48A6+524886]
Ordinal0 [0x01055CBC+1662140]
Ordinal0 [0x0105F23B+1700411]
Ordinal0 [0x0105F3A3+1700771]
Ordinal0 [0x01075215+1790485]
BaseThreadInitThunk [0x76BD8494+36]
RtlAreBitsSet [0x77C841C8+136]
RtlAreBitsSet [0x77C84198+88]

at sun.reflect.NativeConstructorAccessorImpl.newInstance0(Native Method)
at sun.reflect.NativeConstructorAccessorImpl.newInstance(NativeConstructorAccessorImpl.java:62)
at sun.reflect.DelegatingConstructorAccessorImpl.newInstance(DelegatingConstructorAccessorImpl.java:45)
at java.lang.reflect.Constructor.newInstance(Constructor.java:423)
at org.openqa.selenium.remote.W3CHandshakeResponse.lambda$errorHandler$0(W3CHandshakeResponse.java:62)
at org.openqa.selenium.remote.HandshakeResponse.lambda$getResponseFunction$0(HandshakeResponse.java:30)
at org.openqa.selenium.remote.ProtocolHandshake.lambda$createSession$0(ProtocolHandshake.java:126)
at java.util.stream.ReferencePipeline$3$1.accept(ReferencePipeline.java:193)
at java.util.Spliterators$ArraySpliterator.tryAdvance(Spliterators.java:958)
at java.util.stream.ReferencePipeline.forEachWithCancel(ReferencePipeline.java:126)
at java.util.stream.AbstractPipeline.copyIntoWithCancel(AbstractPipeline.java:498)
at java.util.stream.AbstractPipeline.copyInto(AbstractPipeline.java:485)
at java.util.stream.AbstractPipeline.wrapAndCopyInto(AbstractPipeline.java:471)
at java.util.stream.FindOps$FindOp.evaluateSequential(FindOps.java:152)
at java.util.stream.AbstractPipeline.evaluate(AbstractPipeline.java:234)
at java.util.stream.ReferencePipeline.findFirst(ReferencePipeline.java:464)
at org.openqa.selenium.remote.ProtocolHandshake.createSession(ProtocolHandshake.java:128)
at org.openqa.selenium.remote.ProtocolHandshake.createSession(ProtocolHandshake.java:74)
at org.openqa.selenium.remote.HttpCommandExecutor.execute(HttpCommandExecutor.java:136)
at org.openqa.selenium.remote.service.DriverCommandExecutor.execute(DriverCommandExecutor.java:83)
at org.openqa.selenium.remote.RemoteWebDriver.execute(RemoteWebDriver.java:552)
at org.openqa.selenium.remote.RemoteWebDriver.startSession(RemoteWebDriver.java:213)
at org.openqa.selenium.remote.RemoteWebDriver.<init>(RemoteWebDriver.java:131)
at org.openqa.selenium.chrome.ChromeDriver.<init>(ChromeDriver.java:181)
at org.openqa.selenium.chrome.ChromeDriver.<init>(ChromeDriver.java:168)
at org.openqa.selenium.chrome.ChromeDriver.<init>(ChromeDriver.java:123)
at Base.SelectDriver.driverName(SelectDriver.java:19)
at Base.DriverBase.<init>(DriverBase.java:18)
at testCase.CaseBase.InitDriver(CaseBase.java:12)
at testCase.Login.getLoginHome(Login.java:24)
at sun.reflect.NativeMethodAccessorImpl.invoke0(Native Method)
at sun.reflect.NativeMethodAccessorImpl.invoke(NativeMethodAccessorImpl.java:62)
at sun.reflect.DelegatingMethodAccessorImpl.invoke(DelegatingMethodAccessorImpl.java:43)
at java.lang.reflect.Method.invoke(Method.java:498)
at org.testng.internal.MethodInvocationHelper.invokeMethod(MethodInvocationHelper.java:133)
at org.testng.internal.MethodInvocationHelper.invokeMethodConsideringTimeout(MethodInvocationHelper.java:62)
at org.testng.internal.ConfigInvoker.invokeConfigurationMethod(ConfigInvoker.java:340)
at org.testng.internal.ConfigInvoker.invokeConfigurations(ConfigInvoker.java:294)
at org.testng.internal.TestMethodWorker.invokeBeforeClassMethods(TestMethodWorker.java:176)
at org.testng.internal.TestMethodWorker.run(TestMethodWorker.java:122)
at java.util.ArrayList.forEach(ArrayList.java:1257)
at org.testng.TestRunner.privateRun(TestRunner.java:770)
at org.testng.TestRunner.run(TestRunner.java:591)
at org.testng.SuiteRunner.runTest(SuiteRunner.java:402)
at org.testng.SuiteRunner.runSequentially(SuiteRunner.java:396)
at org.testng.SuiteRunner.privateRun(SuiteRunner.java:355)
at org.testng.SuiteRunner.run(SuiteRunner.java:304)
at org.testng.SuiteRunnerWorker.runSuite(SuiteRunnerWorker.java:53)
at org.testng.SuiteRunnerWorker.run(SuiteRunnerWorker.java:96)
at org.testng.TestNG.runSuitesSequentially(TestNG.java:1180)
at org.testng.TestNG.runSuitesLocally(TestNG.java:1102)
at org.testng.TestNG.runSuites(TestNG.java:1032)
at org.testng.TestNG.run(TestNG.java:1000)
at org.testng.IDEARemoteTestNG.run(IDEARemoteTestNG.java:73)
at org.testng.RemoteTestNGStarter.main(RemoteTestNGStarter.java:123)
]]>
            </full-stacktrace>
          </exception> <!-- org.openqa.selenium.SessionNotCreatedException -->
          <reporter-output>
          </reporter-output>
        </test-method> <!-- testLogin -->
        <test-method status="SKIP" signature="afterTest()[pri:0, instance:testCase.Login@5e0e82ae]" name="afterTest" is-config="true" duration-ms="-1593306835511" started-at="2020-06-28T09:13:55 CST" finished-at="1970-01-01T08:00:00 CST">
          <reporter-output>
          </reporter-output>
        </test-method> <!-- afterTest -->
      </class> <!-- testCase.Login -->
    </test> <!-- E:/Helloworld/test/work/8357/SECSYS0524/SeleniumDemo -->
  </suite> <!-- Suite -->
</testng-results>
